[2024-05-08 10:35:09 [32mINFO [0;39m restartedMain] [com.green.greengramver1.GreengramVer1Application] [36mStarting GreengramVer1Application using Java 17.0.11 with PID 9308 (D:\2024_BACK_JI\GreengramVer1\build\classes\java\main started by Administrator in D:\2024_BACK_JI\GreengramVer1)[0;39m
[2024-05-08 10:35:09 [32mINFO [0;39m restartedMain] [com.green.greengramver1.GreengramVer1Application] [36mNo active profile set, falling back to 1 default profile: "default"[0;39m
[2024-05-08 10:35:09 [32mINFO [0;39m restartedMain] [org.springframework.boot.devtools.env.DevToolsPropertyDefaultsPostProcessor] [36mDevtools property defaults active! Set 'spring.devtools.add-properties' to 'false' to disable[0;39m
[2024-05-08 10:35:09 [32mINFO [0;39m restartedMain] [org.springframework.boot.devtools.env.DevToolsPropertyDefaultsPostProcessor] [36mFor additional web related logging consider setting the 'logging.level.web' property to 'DEBUG'[0;39m
[2024-05-08 10:35:10 [32mINFO [0;39m restartedMain] [org.springframework.boot.web.embedded.tomcat.TomcatWebServer] [36mTomcat initialized with port 8080 (http)[0;39m
[2024-05-08 10:35:10 [32mINFO [0;39m restartedMain] [org.apache.coyote.http11.Http11NioProtocol] [36mInitializing ProtocolHandler ["http-nio-8080"][0;39m
[2024-05-08 10:35:10 [32mINFO [0;39m restartedMain] [org.apache.catalina.core.StandardService] [36mStarting service [Tomcat][0;39m
[2024-05-08 10:35:10 [32mINFO [0;39m restartedMain] [org.apache.catalina.core.StandardEngine] [36mStarting Servlet engine: [Apache Tomcat/10.1.20][0;39m
[2024-05-08 10:35:10 [32mINFO [0;39m restartedMain] [org.apache.catalina.core.ContainerBase.[Tomcat].[localhost].[/]] [36mInitializing Spring embedded WebApplicationContext[0;39m
[2024-05-08 10:35:10 [32mINFO [0;39m restartedMain] [org.springframework.boot.web.servlet.context.ServletWebServerApplicationContext] [36mRoot WebApplicationContext: initialization completed in 1237 ms[0;39m
[2024-05-08 10:35:11 [32mINFO [0;39m restartedMain] [com.zaxxer.hikari.HikariDataSource] [36mHikariPool-1 - Starting...[0;39m
[2024-05-08 10:35:11 [32mINFO [0;39m restartedMain] [com.zaxxer.hikari.pool.HikariPool] [36mHikariPool-1 - Added connection net.sf.log4jdbc.sql.jdbcapi.ConnectionSpy@34e5cbcb[0;39m
[2024-05-08 10:35:11 [32mINFO [0;39m restartedMain] [com.zaxxer.hikari.HikariDataSource] [36mHikariPool-1 - Start completed.[0;39m
[2024-05-08 10:35:11 [32mINFO [0;39m restartedMain] [org.springframework.boot.autoconfigure.web.servlet.WelcomePageHandlerMapping] [36mAdding welcome page: class path resource [static/index.html][0;39m
[2024-05-08 10:35:11 [32mINFO [0;39m restartedMain] [org.springframework.boot.devtools.autoconfigure.OptionalLiveReloadServer] [36mLiveReload server is running on port 35729[0;39m
[2024-05-08 10:35:11 [32mINFO [0;39m restartedMain] [org.springframework.boot.actuate.endpoint.web.EndpointLinksResolver] [36mExposing 1 endpoint(s) beneath base path '/actuator'[0;39m
[2024-05-08 10:35:11 [32mINFO [0;39m restartedMain] [org.apache.coyote.http11.Http11NioProtocol] [36mStarting ProtocolHandler ["http-nio-8080"][0;39m
[2024-05-08 10:35:11 [32mINFO [0;39m restartedMain] [org.springframework.boot.web.embedded.tomcat.TomcatWebServer] [36mTomcat started on port 8080 (http) with context path ''[0;39m
[2024-05-08 10:35:11 [32mINFO [0;39m restartedMain] [com.green.greengramver1.GreengramVer1Application] [36mStarted GreengramVer1Application in 2.59 seconds (process running for 3.072)[0;39m
[2024-05-08 10:35:12 [32mINFO [0;39m RMI TCP Connection(3)-192.168.0.183] [org.apache.catalina.core.ContainerBase.[Tomcat].[localhost].[/]] [36mInitializing Spring DispatcherServlet 'dispatcherServlet'[0;39m
[2024-05-08 10:35:12 [32mINFO [0;39m RMI TCP Connection(3)-192.168.0.183] [org.springframework.web.servlet.DispatcherServlet] [36mInitializing Servlet 'dispatcherServlet'[0;39m
[2024-05-08 10:35:12 [32mINFO [0;39m RMI TCP Connection(3)-192.168.0.183] [org.springframework.web.servlet.DispatcherServlet] [36mCompleted initialization in 1 ms[0;39m
[2024-05-08 10:35:16 [32mDEBUG[0;39m http-nio-8080-exec-7] [jdbc.sqltiming] [36m com.zaxxer.hikari.pool.ProxyPreparedStatement.execute(ProxyPreparedStatement.java:44)
1. SELECT A.feed_id AS feedId, A.writer_id AS writerId, B.nm AS writerNm, B.pic AS writerPic,
                A.contents, A.location, A.created_at AS createdAt
        FROM feed A
        INNER JOIN user B
        ON A.writer_id=B.user_id
        ORDER BY A.created_at DESC
        LIMIT 0,20;
 {executed in 10 msec}[0;39m
[2024-05-08 10:35:16 [32mINFO [0;39m http-nio-8080-exec-7] [jdbc.resultsettable] [36m
|--------|----------|--------|-----------------------------------------|-------------------------------------------------------------------------------------------------------------------------------------------------------------------------------------------------------------------------------------------------------------------------------------------------------------------------------------------------------------------------------------------------------------------------------------------------------------------------------------------------------------------------------------------------------------------------------------------------------------------------------------------------------------------------------------------------|--------------------------|--------------------|
|feed_id |writer_id |nm      |pic                                      |contents                                                                                                                                                                                                                                                                                                                                                                                                                                                                                                                                                                                                                                                                                         |location                  |created_at          |
|--------|----------|--------|-----------------------------------------|-------------------------------------------------------------------------------------------------------------------------------------------------------------------------------------------------------------------------------------------------------------------------------------------------------------------------------------------------------------------------------------------------------------------------------------------------------------------------------------------------------------------------------------------------------------------------------------------------------------------------------------------------------------------------------------------------|--------------------------|--------------------|
|52      |21        |예리밍     |7a08a967-d4a0-4d6b-8c55-267686b62fb5.png |민지님 바보                                                                                                                                                                                                                                                                                                                                                                                                                                                                                                                                                                                                                                                                                           |민지님 옆자리                   |2024-05-07 17:37:39 |
|51      |21        |예리밍     |7a08a967-d4a0-4d6b-8c55-267686b62fb5.png |수현님 바보                                                                                                                                                                                                                                                                                                                                                                                                                                                                                                                                                                                                                                                                                           |맨 뒷자리                     |2024-05-07 17:36:58 |
|50      |15        |이민엽기떡볶이 |null                                     |이민엽기떡볶이이민엽기떡볶이이민엽기떡볶이이민엽기떡볶이이민엽기떡볶이이민엽기떡볶이이민엽기떡볶이이민엽기떡볶이이민엽기떡볶이이민엽기떡볶이이민엽기떡볶이이민엽기떡볶이이민엽기떡볶이이민엽기떡볶이이민엽기떡볶이이민엽기떡볶이이민엽기떡볶이이민엽기떡볶이이민엽기떡볶이이민엽기떡볶이이민엽기떡볶이이민엽기떡볶이이민엽기떡볶이이민엽기떡볶이                                                                                                                                                                                                                                                                                                                                                                                                                                                                                                                         |이민엽기떡볶이이민엽기떡볶이이민엽기떡볶이     |2024-05-07 16:46:21 |
|49      |14        |hi      |null                                     |                                                                                                                                                                                                                                                                                                                                                                                                                                                                                                                                                                                                                                                                                                 |                          |2024-05-07 16:45:27 |
|48      |14        |hi      |null                                     |                                                                                                                                                                                                                                                                                                                                                                                                                                                                                                                                                                                                                                                                                                 |                          |2024-05-07 16:45:06 |
|47      |15        |이민엽기떡볶이 |null                                     |이민엽기떡볶이이민엽기떡볶이이민엽기떡볶이이민엽기떡볶이이민엽기떡볶이이민엽기떡볶이이민엽기떡볶이이민엽기떡볶이이민엽기떡볶이이민엽기떡볶이이민엽기떡볶이이민엽기떡볶이이민엽기떡볶이이민엽기떡볶이이민엽기떡볶이이민엽기떡볶이이민엽기떡볶이이민엽기떡볶이이민엽기떡볶이이민엽기떡볶이이민엽기떡볶이이민엽기떡볶이이민엽기떡볶이이민엽기떡볶이이민엽기떡볶이이민엽기떡볶이이민엽기떡볶이이민엽기떡볶이이민엽기떡볶이이민엽기떡볶이이민엽기떡볶이이민엽기떡볶이이민엽기떡볶이이민엽기떡볶이이민엽기떡볶이이민엽기떡볶이이민엽기떡볶이이민엽기떡볶이이민엽기떡볶이이민엽기떡볶이이민엽기떡볶이이민엽기떡볶이이민엽기떡볶이이민엽기떡볶이이민엽기떡볶이이민엽기떡볶이이민엽기떡볶이이민엽기떡볶이이민엽기떡볶이이민엽기떡볶이이민엽기떡볶이이민엽기떡볶이이민엽기떡볶이이민엽기떡볶이이민엽기떡볶이이민엽기떡볶이이민엽기떡볶이이민엽기떡볶이이민엽기떡볶이이민엽기떡볶이이민엽기떡볶이이민엽기떡볶이이민엽기떡볶이이민엽기떡볶이이민엽기떡볶이이민엽기떡볶이이민엽기떡볶이이민엽기떡볶이이민엽기떡볶이이민엽기떡볶이이민엽기떡볶이이민엽기떡볶이이민엽기떡볶이이민엽기떡볶이이민엽기떡볶이이민엽기떡볶이이민엽기떡볶이이민엽기떡볶이이민엽기떡볶이이민엽기떡볶이이민엽기떡볶이이민엽기떡볶이이민엽기떡볶이이민엽기떡볶이이민엽기떡볶이이민엽기떡볶이이민엽기떡볶이이민엽기떡볶이이민엽기떡볶이이민엽기떡볶이이민엽기떡볶이이민엽기떡볶이이민엽기떡볶이이민엽기떡볶이이민엽기떡볶이이민엽기떡볶이 |이민엽기떡볶이이민엽기떡볶이이민엽기떡볶이     |2024-05-07 16:43:11 |
|46      |15        |이민엽기떡볶이 |null                                     |이민엽기떡볶이이민엽기떡볶이이민엽기떡볶이이민엽기떡볶이이민엽기떡볶이이민엽기떡볶이이민엽기떡볶이이민엽기떡볶이이민엽기떡볶이이민엽기떡볶이이민엽기떡볶이이민엽기떡볶이이민엽기떡볶이이민엽기떡볶이이민엽기떡볶이이민엽기떡볶이이민엽기떡볶이이민엽기떡볶이이민엽기떡볶이이민엽기떡볶이이민엽기떡볶이이민엽기떡볶이이민엽기떡볶이이민엽기떡볶이이민엽기떡볶이이민엽기떡볶이이민엽기떡볶이이민엽기떡볶이이민엽기떡볶이이민엽기떡볶이이민엽기떡볶이이민엽기떡볶이이민엽기떡볶이이민엽기떡볶이이민엽기떡볶이이민엽기떡볶이이민엽기떡볶이이민엽기떡볶이이민엽기떡볶이이민엽기떡볶이이민엽기떡볶이이민엽기떡볶이이민엽기떡볶이이민엽기떡볶이이민엽기떡볶이이민엽기떡볶이이민엽기떡볶이이민엽기떡볶이이민엽기떡볶이이민엽기떡볶이이민엽기떡볶이이민엽기떡볶이이민엽기떡볶이이민엽기떡볶이이민엽기떡볶이이민엽기떡볶이이민엽기떡볶이이민엽기떡볶이이민엽기떡볶이이민엽기떡볶이이민엽기떡볶이이민엽기떡볶이이민엽기떡볶이이민엽기떡볶이이민엽기떡볶이이민엽기떡볶이이민엽기떡볶이이민엽기떡볶이이민엽기떡볶이이민엽기떡볶이이민엽기떡볶이이민엽기떡볶이이민엽기떡볶이이민엽기떡볶이이민엽기떡볶이이민엽기떡볶이이민엽기떡볶이이민엽기떡볶이이민엽기떡볶이이민엽기떡볶이이민엽기떡볶이이민엽기떡볶이이민엽기떡볶이이민엽기떡볶이이민엽기떡볶이이민엽기떡볶이이민엽기떡볶이이민엽기떡볶이이민엽기떡볶이이민엽기떡볶이                                           |이민엽기떡볶이이민엽기떡볶이이민엽기떡볶이     |2024-05-07 16:42:29 |
|45      |20        |ㅋㅋㅋ     |null                                     |이집 맛집이네                                                                                                                                                                                                                                                                                                                                                                                                                                                                                                                                                                                                                                                                                          |수현상                       |2024-05-07 16:41:17 |
|44      |14        |hi      |null                                     |꽁꽁 얼어붙은 한강 위로 고양이가 걸어다닙니다                                                                                                                                                                                                                                                                                                                                                                                                                                                                                                                                                                                                                                                                        |꽁꽁 얼어붙은 한강                |2024-05-07 16:41:06 |
|43      |10        |모르게따    |11fc9cbd-8fa9-41e2-b3fa-4351c335b90f.jpg |민엽씨 그만                                                                                                                                                                                                                                                                                                                                                                                                                                                                                                                                                                                                                                                                                           |맨 앞자리                     |2024-05-07 16:40:46 |
|42      |16        |강국      |cc00d6c9-2683-4819-8089-bd5d98f8137b.jpg |비법 전수                                                                                                                                                                                                                                                                                                                                                                                                                                                                                                                                                                                                                                                                                            |그린컴퓨터학원                   |2024-05-07 16:39:41 |
|41      |15        |이민엽기떡볶이 |null                                     |나는 이민엽이다!!!!!!!!!!!!!!!!!!!!!!!!!!!!!!!!!!!!!!!                                                                                                                                                                                                                                                                                                                                                                                                                                                                                                                                                                                                                                                  |ㅁㄴㅇㄹ                      |2024-05-07 16:39:06 |
|40      |15        |이민엽기떡볶이 |null                                     |나는 이민엽이다!!!!!!!!!!!!!!!!!!!!!!!!!!!!!!!!!!!!!!!                                                                                                                                                                                                                                                                                                                                                                                                                                                                                                                                                                                                                                                  |ㅁㄴㅇㄹ                      |2024-05-07 16:38:59 |
|39      |15        |이민엽기떡볶이 |null                                     |나는 이민엽이다!!!!!!!!!!!!!!!!!!!!!!!!!!!!!!!!!!!!!!!                                                                                                                                                                                                                                                                                                                                                                                                                                                                                                                                                                                                                                                  |ㅁㄴㅇㄹ                      |2024-05-07 16:38:54 |
|38      |15        |이민엽기떡볶이 |null                                     |나는 이민엽이다!!!!!!!!!!!!!!!!!!!!!!!!!!!!!!!!!!!!!!!                                                                                                                                                                                                                                                                                                                                                                                                                                                                                                                                                                                                                                                  |ㅁㄴㅇㄹ                      |2024-05-07 16:38:46 |
|37      |10        |모르게따    |11fc9cbd-8fa9-41e2-b3fa-4351c335b90f.jpg |어서오세요                                                                                                                                                                                                                                                                                                                                                                                                                                                                                                                                                                                                                                                                                            |맨 앞자리                     |2024-05-07 16:38:41 |
|36      |14        |hi      |null                                     |꽁꽁 얼어붙은 한강 위로 고양이가 걸어다닙니다                                                                                                                                                                                                                                                                                                                                                                                                                                                                                                                                                                                                                                                                        |꽁꽁 얼어붙은 한강 위로 고양이가 걸어다닙니다 |2024-05-07 16:38:37 |
|35      |15        |이민엽기떡볶이 |null                                     |나는 이민엽이다!!!!!!!!!!!!!!!!!!!!!!!!!!!!!!!!!!!!!!!                                                                                                                                                                                                                                                                                                                                                                                                                                                                                                                                                                                                                                                  |ㅁㄴㅇㄹ                      |2024-05-07 16:38:26 |
|34      |15        |이민엽기떡볶이 |null                                     |나는 이민엽이다!!!!!!!!!!!!!!!!!!!!!!!!!!!!!!!!!!!!!!!                                                                                                                                                                                                                                                                                                                                                                                                                                                                                                                                                                                                                                                  |ㅁㄴㅇㄹ                      |2024-05-07 16:37:57 |
|33      |15        |이민엽기떡볶이 |null                                     |나는 이민엽이다!!!!!!!!!!!!!!!!!!!!!!!!!!!!!!!!!!!!!!!                                                                                                                                                                                                                                                                                                                                                                                                                                                                                                                                                                                                                                                  |ㅁㄴㅇㄹ                      |2024-05-07 16:37:46 |
|--------|----------|--------|-----------------------------------------|-------------------------------------------------------------------------------------------------------------------------------------------------------------------------------------------------------------------------------------------------------------------------------------------------------------------------------------------------------------------------------------------------------------------------------------------------------------------------------------------------------------------------------------------------------------------------------------------------------------------------------------------------------------------------------------------------|--------------------------|--------------------|
[0;39m
[2024-05-08 10:35:16 [32mDEBUG[0;39m http-nio-8080-exec-7] [jdbc.sqltiming] [36m com.zaxxer.hikari.pool.ProxyPreparedStatement.execute(ProxyPreparedStatement.java:44)
1. SELECT pic
        FROM feed_pics
        WHERE feed_id = 52
 {executed in 1 msec}[0;39m
[2024-05-08 10:35:16 [32mINFO [0;39m http-nio-8080-exec-7] [jdbc.resultsettable] [36m
|-----------------------------------------|
|pic                                      |
|-----------------------------------------|
|4aabc097-bd38-45e5-939c-8229a4458a49.png |
|-----------------------------------------|
[0;39m
[2024-05-08 10:35:16 [32mDEBUG[0;39m http-nio-8080-exec-7] [jdbc.sqltiming] [36m com.zaxxer.hikari.pool.ProxyPreparedStatement.execute(ProxyPreparedStatement.java:44)
1. SELECT pic
        FROM feed_pics
        WHERE feed_id = 51
 {executed in 1 msec}[0;39m
[2024-05-08 10:35:16 [32mINFO [0;39m http-nio-8080-exec-7] [jdbc.resultsettable] [36m
|-----------------------------------------|
|pic                                      |
|-----------------------------------------|
|bf11d325-f67f-43c1-93d2-64a78b3b4203.png |
|-----------------------------------------|
[0;39m
[2024-05-08 10:35:16 [32mDEBUG[0;39m http-nio-8080-exec-7] [jdbc.sqltiming] [36m com.zaxxer.hikari.pool.ProxyPreparedStatement.execute(ProxyPreparedStatement.java:44)
1. SELECT pic
        FROM feed_pics
        WHERE feed_id = 50
 {executed in 0 msec}[0;39m
[2024-05-08 10:35:16 [32mINFO [0;39m http-nio-8080-exec-7] [jdbc.resultsettable] [36m
|-----------------------------------------|
|pic                                      |
|-----------------------------------------|
|e93729ff-19ee-4ff2-b6c7-678160d7a5ee.gif |
|-----------------------------------------|
[0;39m
[2024-05-08 10:35:16 [32mDEBUG[0;39m http-nio-8080-exec-7] [jdbc.sqltiming] [36m com.zaxxer.hikari.pool.ProxyPreparedStatement.execute(ProxyPreparedStatement.java:44)
1. SELECT pic
        FROM feed_pics
        WHERE feed_id = 49
 {executed in 0 msec}[0;39m
[2024-05-08 10:35:16 [32mINFO [0;39m http-nio-8080-exec-7] [jdbc.resultsettable] [36m
|-----------------------------------------|
|pic                                      |
|-----------------------------------------|
|8f9cec95-d916-4353-a1f6-1fe918440891.gif |
|-----------------------------------------|
[0;39m
[2024-05-08 10:35:16 [32mDEBUG[0;39m http-nio-8080-exec-7] [jdbc.sqltiming] [36m com.zaxxer.hikari.pool.ProxyPreparedStatement.execute(ProxyPreparedStatement.java:44)
1. SELECT pic
        FROM feed_pics
        WHERE feed_id = 48
 {executed in 0 msec}[0;39m
[2024-05-08 10:35:16 [32mINFO [0;39m http-nio-8080-exec-7] [jdbc.resultsettable] [36m
|-----------------------------------------|
|pic                                      |
|-----------------------------------------|
|c91daf55-e442-4451-a472-9380ddfbc07b.gif |
|-----------------------------------------|
[0;39m
[2024-05-08 10:35:16 [32mDEBUG[0;39m http-nio-8080-exec-7] [jdbc.sqltiming] [36m com.zaxxer.hikari.pool.ProxyPreparedStatement.execute(ProxyPreparedStatement.java:44)
1. SELECT pic
        FROM feed_pics
        WHERE feed_id = 47
 {executed in 0 msec}[0;39m
[2024-05-08 10:35:16 [32mINFO [0;39m http-nio-8080-exec-7] [jdbc.resultsettable] [36m
|-----------------------------------------|
|pic                                      |
|-----------------------------------------|
|32d6a7a8-e556-4bbe-bc18-0f30bec2d275.gif |
|-----------------------------------------|
[0;39m
[2024-05-08 10:35:16 [32mDEBUG[0;39m http-nio-8080-exec-7] [jdbc.sqltiming] [36m com.zaxxer.hikari.pool.ProxyPreparedStatement.execute(ProxyPreparedStatement.java:44)
1. SELECT pic
        FROM feed_pics
        WHERE feed_id = 46
 {executed in 0 msec}[0;39m
[2024-05-08 10:35:16 [32mINFO [0;39m http-nio-8080-exec-7] [jdbc.resultsettable] [36m
|-----------------------------------------|
|pic                                      |
|-----------------------------------------|
|7fba4543-f361-4656-ba41-c78b9add3efa.gif |
|-----------------------------------------|
[0;39m
[2024-05-08 10:35:16 [32mDEBUG[0;39m http-nio-8080-exec-7] [jdbc.sqltiming] [36m com.zaxxer.hikari.pool.ProxyPreparedStatement.execute(ProxyPreparedStatement.java:44)
1. SELECT pic
        FROM feed_pics
        WHERE feed_id = 45
 {executed in 0 msec}[0;39m
[2024-05-08 10:35:16 [32mINFO [0;39m http-nio-8080-exec-7] [jdbc.resultsettable] [36m
|-----------------------------------------|
|pic                                      |
|-----------------------------------------|
|6d3be14b-0fd5-464d-bc26-185e862423a9.jpg |
|-----------------------------------------|
[0;39m
[2024-05-08 10:35:16 [32mDEBUG[0;39m http-nio-8080-exec-7] [jdbc.sqltiming] [36m com.zaxxer.hikari.pool.ProxyPreparedStatement.execute(ProxyPreparedStatement.java:44)
1. SELECT pic
        FROM feed_pics
        WHERE feed_id = 44
 {executed in 0 msec}[0;39m
[2024-05-08 10:35:16 [32mINFO [0;39m http-nio-8080-exec-7] [jdbc.resultsettable] [36m
|-----------------------------------------|
|pic                                      |
|-----------------------------------------|
|54edebb7-91d5-420b-9ef7-65f17db2f711.gif |
|-----------------------------------------|
[0;39m
[2024-05-08 10:35:16 [32mDEBUG[0;39m http-nio-8080-exec-7] [jdbc.sqltiming] [36m com.zaxxer.hikari.pool.ProxyPreparedStatement.execute(ProxyPreparedStatement.java:44)
1. SELECT pic
        FROM feed_pics
        WHERE feed_id = 43
 {executed in 0 msec}[0;39m
[2024-05-08 10:35:16 [32mINFO [0;39m http-nio-8080-exec-7] [jdbc.resultsettable] [36m
|-----------------------------------------|
|pic                                      |
|-----------------------------------------|
|cb117fec-addd-4983-aca3-8255af01f46e.jpg |
|10434570-68a5-4fed-8043-f1490422316f.jpg |
|9b9eabbc-83d9-4971-a99c-6563340c1d78.jpg |
|b806202a-9d7c-4c38-8615-437c29af3f41.png |
|-----------------------------------------|
[0;39m
[2024-05-08 10:35:16 [32mDEBUG[0;39m http-nio-8080-exec-7] [jdbc.sqltiming] [36m com.zaxxer.hikari.pool.ProxyPreparedStatement.execute(ProxyPreparedStatement.java:44)
1. SELECT pic
        FROM feed_pics
        WHERE feed_id = 42
 {executed in 1 msec}[0;39m
[2024-05-08 10:35:16 [32mINFO [0;39m http-nio-8080-exec-7] [jdbc.resultsettable] [36m
|-----------------------------------------|
|pic                                      |
|-----------------------------------------|
|18e95dec-fa8c-436d-b7d6-511ba6fb2dee.jpg |
|-----------------------------------------|
[0;39m
[2024-05-08 10:35:16 [32mDEBUG[0;39m http-nio-8080-exec-7] [jdbc.sqltiming] [36m com.zaxxer.hikari.pool.ProxyPreparedStatement.execute(ProxyPreparedStatement.java:44)
1. SELECT pic
        FROM feed_pics
        WHERE feed_id = 41
 {executed in 0 msec}[0;39m
[2024-05-08 10:35:16 [32mINFO [0;39m http-nio-8080-exec-7] [jdbc.resultsettable] [36m
|-----------------------------------------|
|pic                                      |
|-----------------------------------------|
|c1b814b1-5d73-425f-8ced-b1e9bfa8c911.gif |
|-----------------------------------------|
[0;39m
[2024-05-08 10:35:16 [32mDEBUG[0;39m http-nio-8080-exec-7] [jdbc.sqltiming] [36m com.zaxxer.hikari.pool.ProxyPreparedStatement.execute(ProxyPreparedStatement.java:44)
1. SELECT pic
        FROM feed_pics
        WHERE feed_id = 40
 {executed in 0 msec}[0;39m
[2024-05-08 10:35:16 [32mINFO [0;39m http-nio-8080-exec-7] [jdbc.resultsettable] [36m
|-----------------------------------------|
|pic                                      |
|-----------------------------------------|
|983ec7aa-575f-41b9-bf05-2b4f45642f71.gif |
|-----------------------------------------|
[0;39m
[2024-05-08 10:35:16 [32mDEBUG[0;39m http-nio-8080-exec-7] [jdbc.sqltiming] [36m com.zaxxer.hikari.pool.ProxyPreparedStatement.execute(ProxyPreparedStatement.java:44)
1. SELECT pic
        FROM feed_pics
        WHERE feed_id = 39
 {executed in 0 msec}[0;39m
[2024-05-08 10:35:16 [32mINFO [0;39m http-nio-8080-exec-7] [jdbc.resultsettable] [36m
|-----------------------------------------|
|pic                                      |
|-----------------------------------------|
|f1fcdad4-4e82-48f9-a8bd-3cc271f29749.jpg |
|-----------------------------------------|
[0;39m
[2024-05-08 10:35:16 [32mDEBUG[0;39m http-nio-8080-exec-7] [jdbc.sqltiming] [36m com.zaxxer.hikari.pool.ProxyPreparedStatement.execute(ProxyPreparedStatement.java:44)
1. SELECT pic
        FROM feed_pics
        WHERE feed_id = 38
 {executed in 0 msec}[0;39m
[2024-05-08 10:35:16 [32mINFO [0;39m http-nio-8080-exec-7] [jdbc.resultsettable] [36m
|-----------------------------------------|
|pic                                      |
|-----------------------------------------|
|b46c2174-ce75-41da-957c-1b328fca6805.gif |
|-----------------------------------------|
[0;39m
[2024-05-08 10:35:16 [32mDEBUG[0;39m http-nio-8080-exec-7] [jdbc.sqltiming] [36m com.zaxxer.hikari.pool.ProxyPreparedStatement.execute(ProxyPreparedStatement.java:44)
1. SELECT pic
        FROM feed_pics
        WHERE feed_id = 37
 {executed in 1 msec}[0;39m
[2024-05-08 10:35:16 [32mINFO [0;39m http-nio-8080-exec-7] [jdbc.resultsettable] [36m
|-----------------------------------------|
|pic                                      |
|-----------------------------------------|
|883d36ee-a6f1-4997-837c-a80ec87b772d.jpg |
|-----------------------------------------|
[0;39m
[2024-05-08 10:35:16 [32mDEBUG[0;39m http-nio-8080-exec-7] [jdbc.sqltiming] [36m com.zaxxer.hikari.pool.ProxyPreparedStatement.execute(ProxyPreparedStatement.java:44)
1. SELECT pic
        FROM feed_pics
        WHERE feed_id = 36
 {executed in 0 msec}[0;39m
[2024-05-08 10:35:16 [32mINFO [0;39m http-nio-8080-exec-7] [jdbc.resultsettable] [36m
|-----------------------------------------|
|pic                                      |
|-----------------------------------------|
|9d78d435-378c-4869-85e6-84c304ab4e03.gif |
|-----------------------------------------|
[0;39m
[2024-05-08 10:35:16 [32mDEBUG[0;39m http-nio-8080-exec-7] [jdbc.sqltiming] [36m com.zaxxer.hikari.pool.ProxyPreparedStatement.execute(ProxyPreparedStatement.java:44)
1. SELECT pic
        FROM feed_pics
        WHERE feed_id = 35
 {executed in 1 msec}[0;39m
[2024-05-08 10:35:16 [32mINFO [0;39m http-nio-8080-exec-7] [jdbc.resultsettable] [36m
|-----------------------------------------|
|pic                                      |
|-----------------------------------------|
|1a8bed87-5b7a-4d56-a932-d78b186f71fc.jpg |
|-----------------------------------------|
[0;39m
[2024-05-08 10:35:16 [32mDEBUG[0;39m http-nio-8080-exec-7] [jdbc.sqltiming] [36m com.zaxxer.hikari.pool.ProxyPreparedStatement.execute(ProxyPreparedStatement.java:44)
1. SELECT pic
        FROM feed_pics
        WHERE feed_id = 34
 {executed in 0 msec}[0;39m
[2024-05-08 10:35:16 [32mINFO [0;39m http-nio-8080-exec-7] [jdbc.resultsettable] [36m
|-----------------------------------------|
|pic                                      |
|-----------------------------------------|
|cf267c0b-6301-4bfb-8570-0b3508169552.jpg |
|-----------------------------------------|
[0;39m
[2024-05-08 10:35:16 [32mDEBUG[0;39m http-nio-8080-exec-7] [jdbc.sqltiming] [36m com.zaxxer.hikari.pool.ProxyPreparedStatement.execute(ProxyPreparedStatement.java:44)
1. SELECT pic
        FROM feed_pics
        WHERE feed_id = 33
 {executed in 0 msec}[0;39m
[2024-05-08 10:35:16 [32mINFO [0;39m http-nio-8080-exec-7] [jdbc.resultsettable] [36m
|-----------------------------------------|
|pic                                      |
|-----------------------------------------|
|7ab4d690-1fd8-4475-96a7-8a2787a0335a.jpg |
|-----------------------------------------|
[0;39m
[2024-05-08 10:35:18 [32mINFO [0;39m http-nio-8080-exec-7] [org.springdoc.api.AbstractOpenApiResource] [36mInit duration for springdoc-openapi is: 150 ms[0;39m
[2024-05-08 10:44:55 [32mINFO [0;39m File Watcher] [org.springframework.boot.devtools.autoconfigure.LocalDevToolsAutoConfiguration$RestartingClassPathChangeChangedEventListener] [36mRestarting due to 25 class path changes (0 additions, 0 deletions, 25 modifications)[0;39m
[2024-05-08 10:44:55 [32mINFO [0;39m Thread-5] [org.apache.coyote.http11.Http11NioProtocol] [36mStopping ProtocolHandler ["http-nio-8080"][0;39m
[2024-05-08 10:44:55 [32mINFO [0;39m Thread-5] [com.zaxxer.hikari.HikariDataSource] [36mHikariPool-1 - Shutdown initiated...[0;39m
[2024-05-08 10:44:55 [32mINFO [0;39m Thread-5] [com.zaxxer.hikari.HikariDataSource] [36mHikariPool-1 - Shutdown completed.[0;39m
[2024-05-08 10:44:55 [32mINFO [0;39m restartedMain] [com.green.greengramver1.GreengramVer1Application] [36mStarting GreengramVer1Application using Java 17.0.11 with PID 9308 (D:\2024_BACK_JI\GreengramVer1\build\classes\java\main started by Administrator in D:\2024_BACK_JI\GreengramVer1)[0;39m
[2024-05-08 10:44:55 [32mINFO [0;39m restartedMain] [com.green.greengramver1.GreengramVer1Application] [36mNo active profile set, falling back to 1 default profile: "default"[0;39m
[2024-05-08 10:44:55 [32mINFO [0;39m restartedMain] [org.springframework.boot.web.embedded.tomcat.TomcatWebServer] [36mTomcat initialized with port 8080 (http)[0;39m
[2024-05-08 10:44:55 [32mINFO [0;39m restartedMain] [org.apache.coyote.http11.Http11NioProtocol] [36mInitializing ProtocolHandler ["http-nio-8080"][0;39m
[2024-05-08 10:44:55 [32mINFO [0;39m restartedMain] [org.apache.catalina.core.StandardService] [36mStarting service [Tomcat][0;39m
[2024-05-08 10:44:55 [32mINFO [0;39m restartedMain] [org.apache.catalina.core.StandardEngine] [36mStarting Servlet engine: [Apache Tomcat/10.1.20][0;39m
[2024-05-08 10:44:55 [32mINFO [0;39m restartedMain] [org.apache.catalina.core.ContainerBase.[Tomcat].[localhost].[/]] [36mInitializing Spring embedded WebApplicationContext[0;39m
[2024-05-08 10:44:55 [32mINFO [0;39m restartedMain] [org.springframework.boot.web.servlet.context.ServletWebServerApplicationContext] [36mRoot WebApplicationContext: initialization completed in 270 ms[0;39m
[2024-05-08 10:44:55 [32mINFO [0;39m restartedMain] [com.zaxxer.hikari.HikariDataSource] [36mHikariPool-2 - Starting...[0;39m
[2024-05-08 10:44:55 [32mINFO [0;39m restartedMain] [com.zaxxer.hikari.pool.HikariPool] [36mHikariPool-2 - Added connection net.sf.log4jdbc.sql.jdbcapi.ConnectionSpy@41158dc1[0;39m
[2024-05-08 10:44:55 [32mINFO [0;39m restartedMain] [com.zaxxer.hikari.HikariDataSource] [36mHikariPool-2 - Start completed.[0;39m
[2024-05-08 10:44:55 [32mINFO [0;39m restartedMain] [org.springframework.boot.autoconfigure.web.servlet.WelcomePageHandlerMapping] [36mAdding welcome page: class path resource [static/index.html][0;39m
[2024-05-08 10:44:55 [32mINFO [0;39m restartedMain] [org.springframework.boot.devtools.autoconfigure.OptionalLiveReloadServer] [36mLiveReload server is running on port 35729[0;39m
[2024-05-08 10:44:55 [32mINFO [0;39m restartedMain] [org.springframework.boot.actuate.endpoint.web.EndpointLinksResolver] [36mExposing 1 endpoint(s) beneath base path '/actuator'[0;39m
[2024-05-08 10:44:55 [32mINFO [0;39m restartedMain] [org.apache.coyote.http11.Http11NioProtocol] [36mStarting ProtocolHandler ["http-nio-8080"][0;39m
[2024-05-08 10:44:55 [32mINFO [0;39m restartedMain] [org.springframework.boot.web.embedded.tomcat.TomcatWebServer] [36mTomcat started on port 8080 (http) with context path ''[0;39m
[2024-05-08 10:44:55 [32mINFO [0;39m restartedMain] [com.green.greengramver1.GreengramVer1Application] [36mStarted GreengramVer1Application in 0.497 seconds (process running for 587.054)[0;39m
[2024-05-08 10:44:55 [32mINFO [0;39m restartedMain] [org.springframework.boot.devtools.autoconfigure.ConditionEvaluationDeltaLoggingListener] [36mCondition evaluation unchanged[0;39m
[2024-05-08 11:17:14 [32mINFO [0;39m File Watcher] [org.springframework.boot.devtools.autoconfigure.LocalDevToolsAutoConfiguration$RestartingClassPathChangeChangedEventListener] [36mRestarting due to 2 class path changes (0 additions, 0 deletions, 2 modifications)[0;39m
[2024-05-08 11:17:14 [32mINFO [0;39m Thread-7] [org.apache.coyote.http11.Http11NioProtocol] [36mStopping ProtocolHandler ["http-nio-8080"][0;39m
[2024-05-08 11:17:14 [32mINFO [0;39m Thread-7] [com.zaxxer.hikari.HikariDataSource] [36mHikariPool-2 - Shutdown initiated...[0;39m
[2024-05-08 11:17:14 [32mINFO [0;39m Thread-7] [com.zaxxer.hikari.HikariDataSource] [36mHikariPool-2 - Shutdown completed.[0;39m
[2024-05-08 11:17:14 [32mINFO [0;39m restartedMain] [com.green.greengramver1.GreengramVer1Application] [36mStarting GreengramVer1Application using Java 17.0.11 with PID 9308 (D:\2024_BACK_JI\GreengramVer1\build\classes\java\main started by Administrator in D:\2024_BACK_JI\GreengramVer1)[0;39m
[2024-05-08 11:17:14 [32mINFO [0;39m restartedMain] [com.green.greengramver1.GreengramVer1Application] [36mNo active profile set, falling back to 1 default profile: "default"[0;39m
[2024-05-08 11:17:14 [32mINFO [0;39m restartedMain] [org.springframework.boot.web.embedded.tomcat.TomcatWebServer] [36mTomcat initialized with port 8080 (http)[0;39m
[2024-05-08 11:17:14 [32mINFO [0;39m restartedMain] [org.apache.coyote.http11.Http11NioProtocol] [36mInitializing ProtocolHandler ["http-nio-8080"][0;39m
[2024-05-08 11:17:14 [32mINFO [0;39m restartedMain] [org.apache.catalina.core.StandardService] [36mStarting service [Tomcat][0;39m
[2024-05-08 11:17:14 [32mINFO [0;39m restartedMain] [org.apache.catalina.core.StandardEngine] [36mStarting Servlet engine: [Apache Tomcat/10.1.20][0;39m
[2024-05-08 11:17:14 [32mINFO [0;39m restartedMain] [org.apache.catalina.core.ContainerBase.[Tomcat].[localhost].[/]] [36mInitializing Spring embedded WebApplicationContext[0;39m
[2024-05-08 11:17:14 [32mINFO [0;39m restartedMain] [org.springframework.boot.web.servlet.context.ServletWebServerApplicationContext] [36mRoot WebApplicationContext: initialization completed in 258 ms[0;39m
[2024-05-08 11:17:14 [32mINFO [0;39m restartedMain] [com.zaxxer.hikari.HikariDataSource] [36mHikariPool-3 - Starting...[0;39m
[2024-05-08 11:17:14 [32mINFO [0;39m restartedMain] [com.zaxxer.hikari.pool.HikariPool] [36mHikariPool-3 - Added connection net.sf.log4jdbc.sql.jdbcapi.ConnectionSpy@28f29cbd[0;39m
[2024-05-08 11:17:14 [32mINFO [0;39m restartedMain] [com.zaxxer.hikari.HikariDataSource] [36mHikariPool-3 - Start completed.[0;39m
[2024-05-08 11:17:14 [32mINFO [0;39m restartedMain] [org.springframework.boot.autoconfigure.web.servlet.WelcomePageHandlerMapping] [36mAdding welcome page: class path resource [static/index.html][0;39m
[2024-05-08 11:17:14 [32mINFO [0;39m restartedMain] [org.springframework.boot.devtools.autoconfigure.OptionalLiveReloadServer] [36mLiveReload server is running on port 35729[0;39m
[2024-05-08 11:17:14 [32mINFO [0;39m restartedMain] [org.springframework.boot.actuate.endpoint.web.EndpointLinksResolver] [36mExposing 1 endpoint(s) beneath base path '/actuator'[0;39m
[2024-05-08 11:17:14 [32mINFO [0;39m restartedMain] [org.apache.coyote.http11.Http11NioProtocol] [36mStarting ProtocolHandler ["http-nio-8080"][0;39m
[2024-05-08 11:17:14 [32mINFO [0;39m restartedMain] [org.springframework.boot.web.embedded.tomcat.TomcatWebServer] [36mTomcat started on port 8080 (http) with context path ''[0;39m
[2024-05-08 11:17:14 [32mINFO [0;39m restartedMain] [com.green.greengramver1.GreengramVer1Application] [36mStarted GreengramVer1Application in 0.478 seconds (process running for 2526.053)[0;39m
[2024-05-08 11:17:14 [32mINFO [0;39m restartedMain] [org.springframework.boot.devtools.autoconfigure.ConditionEvaluationDeltaLoggingListener] [36mCondition evaluation unchanged[0;39m
[2024-05-08 13:02:11 [32mINFO [0;39m File Watcher] [org.springframework.boot.devtools.autoconfigure.LocalDevToolsAutoConfiguration$RestartingClassPathChangeChangedEventListener] [36mRestarting due to 2 class path changes (0 additions, 0 deletions, 2 modifications)[0;39m
[2024-05-08 13:02:11 [32mINFO [0;39m Thread-11] [org.apache.coyote.http11.Http11NioProtocol] [36mStopping ProtocolHandler ["http-nio-8080"][0;39m
[2024-05-08 13:02:11 [32mINFO [0;39m Thread-11] [com.zaxxer.hikari.HikariDataSource] [36mHikariPool-3 - Shutdown initiated...[0;39m
[2024-05-08 13:02:11 [32mINFO [0;39m Thread-11] [com.zaxxer.hikari.HikariDataSource] [36mHikariPool-3 - Shutdown completed.[0;39m
[2024-05-08 13:02:11 [32mINFO [0;39m restartedMain] [com.green.greengramver1.GreengramVer1Application] [36mStarting GreengramVer1Application using Java 17.0.11 with PID 9308 (D:\2024_BACK_JI\GreengramVer1\build\classes\java\main started by Administrator in D:\2024_BACK_JI\GreengramVer1)[0;39m
[2024-05-08 13:02:11 [32mINFO [0;39m restartedMain] [com.green.greengramver1.GreengramVer1Application] [36mNo active profile set, falling back to 1 default profile: "default"[0;39m
[2024-05-08 13:02:12 [32mINFO [0;39m restartedMain] [org.springframework.boot.web.embedded.tomcat.TomcatWebServer] [36mTomcat initialized with port 8080 (http)[0;39m
[2024-05-08 13:02:12 [32mINFO [0;39m restartedMain] [org.apache.coyote.http11.Http11NioProtocol] [36mInitializing ProtocolHandler ["http-nio-8080"][0;39m
[2024-05-08 13:02:12 [32mINFO [0;39m restartedMain] [org.apache.catalina.core.StandardService] [36mStarting service [Tomcat][0;39m
[2024-05-08 13:02:12 [32mINFO [0;39m restartedMain] [org.apache.catalina.core.StandardEngine] [36mStarting Servlet engine: [Apache Tomcat/10.1.20][0;39m
[2024-05-08 13:02:12 [32mINFO [0;39m restartedMain] [org.apache.catalina.core.ContainerBase.[Tomcat].[localhost].[/]] [36mInitializing Spring embedded WebApplicationContext[0;39m
[2024-05-08 13:02:12 [32mINFO [0;39m restartedMain] [org.springframework.boot.web.servlet.context.ServletWebServerApplicationContext] [36mRoot WebApplicationContext: initialization completed in 284 ms[0;39m
[2024-05-08 13:02:12 [32mINFO [0;39m restartedMain] [com.zaxxer.hikari.HikariDataSource] [36mHikariPool-4 - Starting...[0;39m
[2024-05-08 13:02:12 [32mINFO [0;39m restartedMain] [com.zaxxer.hikari.pool.HikariPool] [36mHikariPool-4 - Added connection net.sf.log4jdbc.sql.jdbcapi.ConnectionSpy@598a0406[0;39m
[2024-05-08 13:02:12 [32mINFO [0;39m restartedMain] [com.zaxxer.hikari.HikariDataSource] [36mHikariPool-4 - Start completed.[0;39m
[2024-05-08 13:02:12 [32mINFO [0;39m restartedMain] [org.springframework.boot.autoconfigure.web.servlet.WelcomePageHandlerMapping] [36mAdding welcome page: class path resource [static/index.html][0;39m
[2024-05-08 13:02:12 [32mINFO [0;39m restartedMain] [org.springframework.boot.devtools.autoconfigure.OptionalLiveReloadServer] [36mLiveReload server is running on port 35729[0;39m
[2024-05-08 13:02:12 [32mINFO [0;39m restartedMain] [org.springframework.boot.actuate.endpoint.web.EndpointLinksResolver] [36mExposing 1 endpoint(s) beneath base path '/actuator'[0;39m
[2024-05-08 13:02:12 [32mINFO [0;39m restartedMain] [org.apache.coyote.http11.Http11NioProtocol] [36mStarting ProtocolHandler ["http-nio-8080"][0;39m
[2024-05-08 13:02:12 [32mINFO [0;39m restartedMain] [org.springframework.boot.web.embedded.tomcat.TomcatWebServer] [36mTomcat started on port 8080 (http) with context path ''[0;39m
[2024-05-08 13:02:12 [32mINFO [0;39m restartedMain] [com.green.greengramver1.GreengramVer1Application] [36mStarted GreengramVer1Application in 0.54 seconds (process running for 8823.423)[0;39m
[2024-05-08 13:02:12 [32mINFO [0;39m restartedMain] [org.springframework.boot.devtools.autoconfigure.ConditionEvaluationDeltaLoggingListener] [36mCondition evaluation unchanged[0;39m
[2024-05-08 13:04:24 [32mINFO [0;39m File Watcher] [org.springframework.boot.devtools.autoconfigure.LocalDevToolsAutoConfiguration$RestartingClassPathChangeChangedEventListener] [36mRestarting due to 2 class path changes (0 additions, 0 deletions, 2 modifications)[0;39m
[2024-05-08 13:04:24 [32mINFO [0;39m Thread-15] [org.apache.coyote.http11.Http11NioProtocol] [36mStopping ProtocolHandler ["http-nio-8080"][0;39m
[2024-05-08 13:04:24 [32mINFO [0;39m Thread-15] [com.zaxxer.hikari.HikariDataSource] [36mHikariPool-4 - Shutdown initiated...[0;39m
[2024-05-08 13:04:24 [32mINFO [0;39m Thread-15] [com.zaxxer.hikari.HikariDataSource] [36mHikariPool-4 - Shutdown completed.[0;39m
[2024-05-08 13:04:24 [32mINFO [0;39m restartedMain] [com.green.greengramver1.GreengramVer1Application] [36mStarting GreengramVer1Application using Java 17.0.11 with PID 9308 (D:\2024_BACK_JI\GreengramVer1\build\classes\java\main started by Administrator in D:\2024_BACK_JI\GreengramVer1)[0;39m
[2024-05-08 13:04:24 [32mINFO [0;39m restartedMain] [com.green.greengramver1.GreengramVer1Application] [36mNo active profile set, falling back to 1 default profile: "default"[0;39m
[2024-05-08 13:04:24 [32mINFO [0;39m restartedMain] [org.springframework.boot.web.embedded.tomcat.TomcatWebServer] [36mTomcat initialized with port 8080 (http)[0;39m
[2024-05-08 13:04:24 [32mINFO [0;39m restartedMain] [org.apache.coyote.http11.Http11NioProtocol] [36mInitializing ProtocolHandler ["http-nio-8080"][0;39m
[2024-05-08 13:04:24 [32mINFO [0;39m restartedMain] [org.apache.catalina.core.StandardService] [36mStarting service [Tomcat][0;39m
[2024-05-08 13:04:24 [32mINFO [0;39m restartedMain] [org.apache.catalina.core.StandardEngine] [36mStarting Servlet engine: [Apache Tomcat/10.1.20][0;39m
[2024-05-08 13:04:24 [32mINFO [0;39m restartedMain] [org.apache.catalina.core.ContainerBase.[Tomcat].[localhost].[/]] [36mInitializing Spring embedded WebApplicationContext[0;39m
[2024-05-08 13:04:24 [32mINFO [0;39m restartedMain] [org.springframework.boot.web.servlet.context.ServletWebServerApplicationContext] [36mRoot WebApplicationContext: initialization completed in 252 ms[0;39m
[2024-05-08 13:04:24 [32mINFO [0;39m restartedMain] [com.zaxxer.hikari.HikariDataSource] [36mHikariPool-5 - Starting...[0;39m
[2024-05-08 13:04:24 [32mINFO [0;39m restartedMain] [com.zaxxer.hikari.pool.HikariPool] [36mHikariPool-5 - Added connection net.sf.log4jdbc.sql.jdbcapi.ConnectionSpy@52564cd9[0;39m
[2024-05-08 13:04:24 [32mINFO [0;39m restartedMain] [com.zaxxer.hikari.HikariDataSource] [36mHikariPool-5 - Start completed.[0;39m
[2024-05-08 13:04:24 [32mINFO [0;39m restartedMain] [org.springframework.boot.autoconfigure.web.servlet.WelcomePageHandlerMapping] [36mAdding welcome page: class path resource [static/index.html][0;39m
[2024-05-08 13:04:24 [32mINFO [0;39m restartedMain] [org.springframework.boot.devtools.autoconfigure.OptionalLiveReloadServer] [36mLiveReload server is running on port 35729[0;39m
[2024-05-08 13:04:24 [32mINFO [0;39m restartedMain] [org.springframework.boot.actuate.endpoint.web.EndpointLinksResolver] [36mExposing 1 endpoint(s) beneath base path '/actuator'[0;39m
[2024-05-08 13:04:25 [32mINFO [0;39m restartedMain] [org.apache.coyote.http11.Http11NioProtocol] [36mStarting ProtocolHandler ["http-nio-8080"][0;39m
[2024-05-08 13:04:25 [32mINFO [0;39m restartedMain] [org.springframework.boot.web.embedded.tomcat.TomcatWebServer] [36mTomcat started on port 8080 (http) with context path ''[0;39m
[2024-05-08 13:04:25 [32mINFO [0;39m restartedMain] [com.green.greengramver1.GreengramVer1Application] [36mStarted GreengramVer1Application in 0.442 seconds (process running for 8956.176)[0;39m
[2024-05-08 13:04:25 [32mINFO [0;39m restartedMain] [org.springframework.boot.devtools.autoconfigure.ConditionEvaluationDeltaLoggingListener] [36mCondition evaluation unchanged[0;39m
[2024-05-08 13:11:16 [32mINFO [0;39m File Watcher] [org.springframework.boot.devtools.autoconfigure.LocalDevToolsAutoConfiguration$RestartingClassPathChangeChangedEventListener] [36mRestarting due to 2 class path changes (0 additions, 0 deletions, 2 modifications)[0;39m
[2024-05-08 13:11:16 [32mINFO [0;39m Thread-19] [org.apache.coyote.http11.Http11NioProtocol] [36mStopping ProtocolHandler ["http-nio-8080"][0;39m
[2024-05-08 13:11:16 [32mINFO [0;39m Thread-19] [com.zaxxer.hikari.HikariDataSource] [36mHikariPool-5 - Shutdown initiated...[0;39m
[2024-05-08 13:11:16 [32mINFO [0;39m Thread-19] [com.zaxxer.hikari.HikariDataSource] [36mHikariPool-5 - Shutdown completed.[0;39m
[2024-05-08 13:11:16 [32mINFO [0;39m restartedMain] [com.green.greengramver1.GreengramVer1Application] [36mStarting GreengramVer1Application using Java 17.0.11 with PID 9308 (D:\2024_BACK_JI\GreengramVer1\build\classes\java\main started by Administrator in D:\2024_BACK_JI\GreengramVer1)[0;39m
[2024-05-08 13:11:16 [32mINFO [0;39m restartedMain] [com.green.greengramver1.GreengramVer1Application] [36mNo active profile set, falling back to 1 default profile: "default"[0;39m
[2024-05-08 13:11:17 [32mINFO [0;39m restartedMain] [org.springframework.boot.web.embedded.tomcat.TomcatWebServer] [36mTomcat initialized with port 8080 (http)[0;39m
[2024-05-08 13:11:17 [32mINFO [0;39m restartedMain] [org.apache.coyote.http11.Http11NioProtocol] [36mInitializing ProtocolHandler ["http-nio-8080"][0;39m
[2024-05-08 13:11:17 [32mINFO [0;39m restartedMain] [org.apache.catalina.core.StandardService] [36mStarting service [Tomcat][0;39m
[2024-05-08 13:11:17 [32mINFO [0;39m restartedMain] [org.apache.catalina.core.StandardEngine] [36mStarting Servlet engine: [Apache Tomcat/10.1.20][0;39m
[2024-05-08 13:11:17 [32mINFO [0;39m restartedMain] [org.apache.catalina.core.ContainerBase.[Tomcat].[localhost].[/]] [36mInitializing Spring embedded WebApplicationContext[0;39m
[2024-05-08 13:11:17 [32mINFO [0;39m restartedMain] [org.springframework.boot.web.servlet.context.ServletWebServerApplicationContext] [36mRoot WebApplicationContext: initialization completed in 247 ms[0;39m
[2024-05-08 13:11:17 [32mINFO [0;39m restartedMain] [com.zaxxer.hikari.HikariDataSource] [36mHikariPool-6 - Starting...[0;39m
[2024-05-08 13:11:17 [32mINFO [0;39m restartedMain] [com.zaxxer.hikari.pool.HikariPool] [36mHikariPool-6 - Added connection net.sf.log4jdbc.sql.jdbcapi.ConnectionSpy@56cfd795[0;39m
[2024-05-08 13:11:17 [32mINFO [0;39m restartedMain] [com.zaxxer.hikari.HikariDataSource] [36mHikariPool-6 - Start completed.[0;39m
[2024-05-08 13:11:17 [32mINFO [0;39m restartedMain] [org.springframework.boot.autoconfigure.web.servlet.WelcomePageHandlerMapping] [36mAdding welcome page: class path resource [static/index.html][0;39m
[2024-05-08 13:11:17 [32mINFO [0;39m restartedMain] [org.springframework.boot.devtools.autoconfigure.OptionalLiveReloadServer] [36mLiveReload server is running on port 35729[0;39m
[2024-05-08 13:11:17 [32mINFO [0;39m restartedMain] [org.springframework.boot.actuate.endpoint.web.EndpointLinksResolver] [36mExposing 1 endpoint(s) beneath base path '/actuator'[0;39m
[2024-05-08 13:11:17 [32mINFO [0;39m restartedMain] [org.apache.coyote.http11.Http11NioProtocol] [36mStarting ProtocolHandler ["http-nio-8080"][0;39m
[2024-05-08 13:11:17 [32mINFO [0;39m restartedMain] [org.springframework.boot.web.embedded.tomcat.TomcatWebServer] [36mTomcat started on port 8080 (http) with context path ''[0;39m
[2024-05-08 13:11:17 [32mINFO [0;39m restartedMain] [com.green.greengramver1.GreengramVer1Application] [36mStarted GreengramVer1Application in 0.464 seconds (process running for 9368.383)[0;39m
[2024-05-08 13:11:17 [32mINFO [0;39m restartedMain] [org.springframework.boot.devtools.autoconfigure.ConditionEvaluationDeltaLoggingListener] [36mCondition evaluation unchanged[0;39m
[2024-05-08 13:50:52 [32mINFO [0;39m File Watcher] [org.springframework.boot.devtools.autoconfigure.LocalDevToolsAutoConfiguration$RestartingClassPathChangeChangedEventListener] [36mRestarting due to 2 class path changes (0 additions, 0 deletions, 2 modifications)[0;39m
[2024-05-08 13:50:52 [32mINFO [0;39m Thread-23] [org.apache.coyote.http11.Http11NioProtocol] [36mStopping ProtocolHandler ["http-nio-8080"][0;39m
[2024-05-08 13:50:52 [32mINFO [0;39m Thread-23] [com.zaxxer.hikari.HikariDataSource] [36mHikariPool-6 - Shutdown initiated...[0;39m
[2024-05-08 13:50:52 [32mINFO [0;39m Thread-23] [com.zaxxer.hikari.HikariDataSource] [36mHikariPool-6 - Shutdown completed.[0;39m
[2024-05-08 13:50:52 [32mINFO [0;39m restartedMain] [com.green.greengramver1.GreengramVer1Application] [36mStarting GreengramVer1Application using Java 17.0.11 with PID 9308 (D:\2024_BACK_JI\GreengramVer1\build\classes\java\main started by Administrator in D:\2024_BACK_JI\GreengramVer1)[0;39m
[2024-05-08 13:50:52 [32mINFO [0;39m restartedMain] [com.green.greengramver1.GreengramVer1Application] [36mNo active profile set, falling back to 1 default profile: "default"[0;39m
[2024-05-08 13:50:52 [32mINFO [0;39m restartedMain] [org.springframework.boot.web.embedded.tomcat.TomcatWebServer] [36mTomcat initialized with port 8080 (http)[0;39m
[2024-05-08 13:50:52 [32mINFO [0;39m restartedMain] [org.apache.coyote.http11.Http11NioProtocol] [36mInitializing ProtocolHandler ["http-nio-8080"][0;39m
[2024-05-08 13:50:52 [32mINFO [0;39m restartedMain] [org.apache.catalina.core.StandardService] [36mStarting service [Tomcat][0;39m
[2024-05-08 13:50:52 [32mINFO [0;39m restartedMain] [org.apache.catalina.core.StandardEngine] [36mStarting Servlet engine: [Apache Tomcat/10.1.20][0;39m
[2024-05-08 13:50:52 [32mINFO [0;39m restartedMain] [org.apache.catalina.core.ContainerBase.[Tomcat].[localhost].[/]] [36mInitializing Spring embedded WebApplicationContext[0;39m
[2024-05-08 13:50:52 [32mINFO [0;39m restartedMain] [org.springframework.boot.web.servlet.context.ServletWebServerApplicationContext] [36mRoot WebApplicationContext: initialization completed in 251 ms[0;39m
[2024-05-08 13:50:52 [32mINFO [0;39m restartedMain] [com.zaxxer.hikari.HikariDataSource] [36mHikariPool-7 - Starting...[0;39m
[2024-05-08 13:50:52 [32mINFO [0;39m restartedMain] [com.zaxxer.hikari.pool.HikariPool] [36mHikariPool-7 - Added connection net.sf.log4jdbc.sql.jdbcapi.ConnectionSpy@40bf133f[0;39m
[2024-05-08 13:50:52 [32mINFO [0;39m restartedMain] [com.zaxxer.hikari.HikariDataSource] [36mHikariPool-7 - Start completed.[0;39m
[2024-05-08 13:50:52 [32mINFO [0;39m restartedMain] [org.springframework.boot.autoconfigure.web.servlet.WelcomePageHandlerMapping] [36mAdding welcome page: class path resource [static/index.html][0;39m
[2024-05-08 13:50:52 [32mINFO [0;39m restartedMain] [org.springframework.boot.devtools.autoconfigure.OptionalLiveReloadServer] [36mLiveReload server is running on port 35729[0;39m
[2024-05-08 13:50:52 [32mINFO [0;39m restartedMain] [org.springframework.boot.actuate.endpoint.web.EndpointLinksResolver] [36mExposing 1 endpoint(s) beneath base path '/actuator'[0;39m
[2024-05-08 13:50:52 [32mINFO [0;39m restartedMain] [org.apache.coyote.http11.Http11NioProtocol] [36mStarting ProtocolHandler ["http-nio-8080"][0;39m
[2024-05-08 13:50:52 [32mINFO [0;39m restartedMain] [org.springframework.boot.web.embedded.tomcat.TomcatWebServer] [36mTomcat started on port 8080 (http) with context path ''[0;39m
[2024-05-08 13:50:52 [32mINFO [0;39m restartedMain] [com.green.greengramver1.GreengramVer1Application] [36mStarted GreengramVer1Application in 0.465 seconds (process running for 11743.896)[0;39m
[2024-05-08 13:50:52 [32mINFO [0;39m restartedMain] [org.springframework.boot.devtools.autoconfigure.ConditionEvaluationDeltaLoggingListener] [36mCondition evaluation unchanged[0;39m
[2024-05-08 14:18:02 [32mINFO [0;39m http-nio-8080-exec-1] [org.apache.catalina.core.ContainerBase.[Tomcat].[localhost].[/]] [36mInitializing Spring DispatcherServlet 'dispatcherServlet'[0;39m
[2024-05-08 14:18:02 [32mINFO [0;39m http-nio-8080-exec-1] [org.springframework.web.servlet.DispatcherServlet] [36mInitializing Servlet 'dispatcherServlet'[0;39m
[2024-05-08 14:18:02 [32mINFO [0;39m http-nio-8080-exec-1] [org.springframework.web.servlet.DispatcherServlet] [36mCompleted initialization in 1 ms[0;39m
[2024-05-08 14:18:22 [33mWARN [0;39m HikariPool-7 housekeeper] [com.zaxxer.hikari.pool.HikariPool] [36mHikariPool-7 - Thread starvation or clock leap detected (housekeeper delta=27m29s806ms83µs).[0;39m
[2024-05-08 15:03:04 [32mINFO [0;39m File Watcher] [org.springframework.boot.devtools.autoconfigure.LocalDevToolsAutoConfiguration$RestartingClassPathChangeChangedEventListener] [36mRestarting due to 2 class path changes (0 additions, 0 deletions, 2 modifications)[0;39m
[2024-05-08 15:03:04 [32mINFO [0;39m Thread-27] [org.apache.coyote.http11.Http11NioProtocol] [36mStopping ProtocolHandler ["http-nio-8080"][0;39m
[2024-05-08 15:03:04 [32mINFO [0;39m Thread-27] [com.zaxxer.hikari.HikariDataSource] [36mHikariPool-7 - Shutdown initiated...[0;39m
[2024-05-08 15:03:04 [32mINFO [0;39m Thread-27] [com.zaxxer.hikari.HikariDataSource] [36mHikariPool-7 - Shutdown completed.[0;39m
[2024-05-08 15:03:04 [32mINFO [0;39m restartedMain] [com.green.greengramver1.GreengramVer1Application] [36mStarting GreengramVer1Application using Java 17.0.11 with PID 9308 (D:\2024_BACK_JI\GreengramVer1\build\classes\java\main started by Administrator in D:\2024_BACK_JI\GreengramVer1)[0;39m
[2024-05-08 15:03:04 [32mINFO [0;39m restartedMain] [com.green.greengramver1.GreengramVer1Application] [36mNo active profile set, falling back to 1 default profile: "default"[0;39m
[2024-05-08 15:03:04 [32mINFO [0;39m restartedMain] [org.springframework.boot.web.embedded.tomcat.TomcatWebServer] [36mTomcat initialized with port 8080 (http)[0;39m
[2024-05-08 15:03:04 [32mINFO [0;39m restartedMain] [org.apache.coyote.http11.Http11NioProtocol] [36mInitializing ProtocolHandler ["http-nio-8080"][0;39m
[2024-05-08 15:03:04 [32mINFO [0;39m restartedMain] [org.apache.catalina.core.StandardService] [36mStarting service [Tomcat][0;39m
[2024-05-08 15:03:04 [32mINFO [0;39m restartedMain] [org.apache.catalina.core.StandardEngine] [36mStarting Servlet engine: [Apache Tomcat/10.1.20][0;39m
[2024-05-08 15:03:04 [32mINFO [0;39m restartedMain] [org.apache.catalina.core.ContainerBase.[Tomcat].[localhost].[/]] [36mInitializing Spring embedded WebApplicationContext[0;39m
[2024-05-08 15:03:04 [32mINFO [0;39m restartedMain] [org.springframework.boot.web.servlet.context.ServletWebServerApplicationContext] [36mRoot WebApplicationContext: initialization completed in 264 ms[0;39m
[2024-05-08 15:03:04 [32mINFO [0;39m restartedMain] [com.zaxxer.hikari.HikariDataSource] [36mHikariPool-8 - Starting...[0;39m
[2024-05-08 15:03:04 [32mINFO [0;39m restartedMain] [com.zaxxer.hikari.pool.HikariPool] [36mHikariPool-8 - Added connection net.sf.log4jdbc.sql.jdbcapi.ConnectionSpy@2a51939d[0;39m
[2024-05-08 15:03:04 [32mINFO [0;39m restartedMain] [com.zaxxer.hikari.HikariDataSource] [36mHikariPool-8 - Start completed.[0;39m
[2024-05-08 15:03:04 [32mINFO [0;39m restartedMain] [org.springframework.boot.autoconfigure.web.servlet.WelcomePageHandlerMapping] [36mAdding welcome page: class path resource [static/index.html][0;39m
[2024-05-08 15:03:04 [32mINFO [0;39m restartedMain] [org.springframework.boot.devtools.autoconfigure.OptionalLiveReloadServer] [36mLiveReload server is running on port 35729[0;39m
[2024-05-08 15:03:04 [32mINFO [0;39m restartedMain] [org.springframework.boot.actuate.endpoint.web.EndpointLinksResolver] [36mExposing 1 endpoint(s) beneath base path '/actuator'[0;39m
[2024-05-08 15:03:04 [32mINFO [0;39m restartedMain] [org.apache.coyote.http11.Http11NioProtocol] [36mStarting ProtocolHandler ["http-nio-8080"][0;39m
[2024-05-08 15:03:04 [32mINFO [0;39m restartedMain] [org.springframework.boot.web.embedded.tomcat.TomcatWebServer] [36mTomcat started on port 8080 (http) with context path ''[0;39m
[2024-05-08 15:03:04 [32mINFO [0;39m restartedMain] [com.green.greengramver1.GreengramVer1Application] [36mStarted GreengramVer1Application in 0.478 seconds (process running for 16075.964)[0;39m
[2024-05-08 15:03:04 [32mINFO [0;39m restartedMain] [org.springframework.boot.devtools.autoconfigure.ConditionEvaluationDeltaLoggingListener] [36mCondition evaluation unchanged[0;39m
[2024-05-08 16:27:54 [32mINFO [0;39m SpringApplicationShutdownHook] [com.zaxxer.hikari.HikariDataSource] [36mHikariPool-8 - Shutdown initiated...[0;39m
[2024-05-08 16:27:54 [32mINFO [0;39m SpringApplicationShutdownHook] [com.zaxxer.hikari.HikariDataSource] [36mHikariPool-8 - Shutdown completed.[0;39m
